2023-12-18 09:29:20,047 - INFO - User validate input
2023-12-18 09:29:22,700 - INFO - User validate input
2023-12-18 09:29:23,992 - INFO - User validate input
2023-12-18 09:29:25,176 - INFO - User: choose_back_color
2023-12-18 09:29:25,176 - INFO - User validate input
2023-12-18 09:29:26,328 - INFO - User use: choose_color
2023-12-18 09:29:26,328 - INFO - User validate input
2023-12-18 09:29:28,057 - INFO - User validate input
2023-12-18 09:29:29,166 - INFO - User use: ask_save
2023-12-18 09:29:29,166 - INFO - User validate input
2023-12-18 09:29:32,763 - INFO - User validate input
2023-12-18 09:29:34,606 - INFO - User save file
2023-12-18 09:29:34,606 - INFO - User save file
2023-12-18 09:29:34,607 - INFO - User run again program
2023-12-18 09:29:34,607 - INFO - User validate input
2023-12-18 09:29:41,814 - INFO - User validate input
2023-12-18 09:29:43,429 - INFO - User validate input
2023-12-18 09:29:43,951 - INFO - User validate input
2023-12-18 09:29:45,033 - INFO - User: choose_back_color
2023-12-18 09:29:45,033 - INFO - User validate input
2023-12-18 09:29:47,561 - INFO - User validate input
2023-12-18 09:29:47,788 - INFO - User validate input
2023-12-18 09:29:48,044 - INFO - User validate input
2023-12-18 09:29:48,603 - INFO - User use: choose_back_color
2023-12-18 09:29:48,603 - INFO - User use: choose_back_color
2023-12-18 09:29:48,603 - INFO - User use: choose_back_color
2023-12-18 09:29:48,603 - INFO - User use: choose_back_color
2023-12-18 09:29:48,605 - INFO - User validate input
2023-12-18 09:29:51,517 - INFO - User use: ask_save
2023-12-18 09:29:51,517 - INFO - User validate input
2023-12-18 09:29:52,748 - INFO - User validate input
2023-12-18 09:29:56,123 - INFO - User save file
2023-12-18 09:29:56,124 - INFO - User save file
2023-12-18 09:29:56,124 - INFO - User run again program
2023-12-18 09:29:56,124 - INFO - User validate input
